
> find-my-crew@0.1.0 dev
> next dev

▲ Next.js 16.1.1 (Turbopack)
- Local:         http://localhost:3000
- Network:       http://192.168.1.5:3000
- Environments: .env.local

✓ Starting...
✓ Ready in 1639ms
LogoWithText userRole: 
 GET /crew/dashboard 200 in 1066ms (compile: 692ms, render: 375ms)
 GET /crew/dashboard?legId=a4eea931-ebbd-4f16-9a09-30893255aed5 200 in 1068ms (compile: 737ms, render: 331ms)
 GET /api/ai/assistant/suggestions 200 in 924ms (compile: 155ms, proxy.ts: 71ms, render: 698ms)
 GET /api/ai/assistant/actions 200 in 942ms (compile: 262ms, proxy.ts: 71ms, render: 608ms)
 GET /api/notifications?limit=5&offset=0 200 in 1100ms (compile: 302ms, proxy.ts: 8ms, render: 790ms)
 GET /api/ai/assistant/suggestions 200 in 287ms (compile: 14ms, proxy.ts: 7ms, render: 266ms)
 GET /api/ai/assistant/actions 200 in 315ms (compile: 17ms, proxy.ts: 9ms, render: 290ms)
 GET /api/legs/viewport?min_lng=-78.39343451016438&min_lat=-31.00845024420866&max_lng=78.39343451016464&max_lat=60.07086209670396 200 in 245ms (compile: 58ms, proxy.ts: 4ms, render: 183ms)
 GET /api/notifications?limit=5&offset=0 200 in 467ms (compile: 10ms, proxy.ts: 3ms, render: 454ms)
 GET /api/legs/a4eea931-ebbd-4f16-9a09-30893255aed5 200 in 1346ms (compile: 928ms, proxy.ts: 5ms, render: 412ms)
 GET /api/notifications?limit=5&offset=0 200 in 498ms (compile: 11ms, proxy.ts: 3ms, render: 483ms)
[Waypoints API] Received params: {
  params: Promise {
    { legId: 'a4eea931-ebbd-4f16-9a09-30893255aed5' },
    Symbol(async_id_symbol): 19711,
    Symbol(trigger_async_id_symbol): 19703
  },
  resolvedParams: { legId: 'a4eea931-ebbd-4f16-9a09-30893255aed5' },
  legId: 'a4eea931-ebbd-4f16-9a09-30893255aed5'
}
 GET /api/legs/a4eea931-ebbd-4f16-9a09-30893255aed5/waypoints 200 in 830ms (compile: 686ms, proxy.ts: 3ms, render: 141ms)
LogoWithText userRole: 
 GET /crew 404 in 232ms (compile: 132ms, render: 100ms)
LogoWithText userRole: 
 GET /api/legs/viewport?min_lng=2.0012138000007837&min_lat=38.31492348550145&max_lng=9.760512200001557&max_lat=40.45597598087255 200 in 266ms (compile: 46ms, proxy.ts: 94ms, render: 126ms)
 GET /crew 404 in 98ms (compile: 16ms, render: 82ms)
 GET /api/ai/assistant/suggestions 200 in 273ms (compile: 11ms, proxy.ts: 7ms, render: 255ms)
 GET /api/ai/assistant/actions 200 in 278ms (compile: 15ms, proxy.ts: 9ms, render: 255ms)
 GET /api/ai/assistant/suggestions 200 in 249ms (compile: 7ms, proxy.ts: 3ms, render: 240ms)
 GET /api/ai/assistant/actions 200 in 254ms (compile: 4ms, proxy.ts: 6ms, render: 243ms)
 GET /api/notifications?limit=5&offset=0 200 in 544ms (compile: 24ms, proxy.ts: 10ms, render: 510ms)
 GET /api/notifications?limit=5&offset=0 200 in 410ms (compile: 7ms, proxy.ts: 3ms, render: 401ms)
 GET /api/notifications?limit=5&offset=0 200 in 474ms (compile: 6ms, proxy.ts: 2ms, render: 466ms)
LogoWithText userRole: 
 GET / 200 in 119ms (compile: 46ms, render: 73ms)
 GET /api/ai/assistant/suggestions 200 in 300ms (compile: 21ms, proxy.ts: 12ms, render: 267ms)
 GET /api/ai/assistant/actions 200 in 446ms (compile: 28ms, proxy.ts: 14ms, render: 404ms)
 GET /api/notifications?limit=5&offset=0 200 in 453ms (compile: 50ms, proxy.ts: 15ms, render: 387ms)
 GET /api/notifications?limit=5&offset=0 200 in 489ms (compile: 15ms, proxy.ts: 6ms, render: 468ms)
 GET /api/notifications?limit=5&offset=0 200 in 492ms (compile: 9ms, proxy.ts: 7ms, render: 476ms)
 GET /crew/dashboard 200 in 40ms (compile: 12ms, render: 28ms)
 GET /api/legs/viewport?min_lng=-78.39343451016438&min_lat=-31.00845024420866&max_lng=78.39343451016464&max_lat=60.07086209670396 200 in 310ms (compile: 5ms, proxy.ts: 3ms, render: 302ms)
 GET /api/legs/viewport?min_lng=-63.98677922804663&min_lat=5.182063249564834&max_lng=134.12811049386784&max_lat=74.10819898726405 200 in 168ms (compile: 2ms, proxy.ts: 2ms, render: 164ms)
 GET /api/legs/viewport?min_lng=-64.7464516398868&min_lat=15.762449355698905&max_lng=99.90761220053935&max_lat=67.71041381131317 200 in 160ms (compile: 7ms, proxy.ts: 2ms, render: 151ms)
 GET /api/legs/viewport?min_lng=-57.75446138687606&min_lat=20.38716205683488&max_lng=94.9807419044717&max_lat=63.164159023228024 200 in 180ms (compile: 7ms, proxy.ts: 2ms, render: 171ms)
 GET /api/legs/viewport?min_lng=-80.82917856682452&min_lat=2.157083661475326&max_lng=72.19146022505024&max_lat=58.76400578141468 200 in 191ms (compile: 2ms, proxy.ts: 2ms, render: 187ms)
 GET /profile 200 in 387ms (compile: 368ms, render: 19ms)
 GET /crew/dashboard 200 in 25ms (compile: 9ms, render: 16ms)
 GET /api/legs/viewport?min_lng=-78.39343451016438&min_lat=-31.00845024420866&max_lng=78.39343451016464&max_lat=60.07086209670396 200 in 287ms (compile: 3ms, proxy.ts: 4ms, render: 281ms)
 GET /api/legs/viewport?min_lng=-67.68743342927147&min_lat=-0.997965318386278&max_lng=108.34715437516104&max_lat=63.42356735477165 200 in 169ms (compile: 2ms, proxy.ts: 4ms, render: 163ms)
 GET /api/legs/viewport?min_lng=-68.27333517237678&min_lat=10.483156615088674&max_lng=103.91635450656338&max_lat=72.43650355587727 200 in 161ms (compile: 3ms, proxy.ts: 3ms, render: 155ms)
 GET /api/legs/viewport?min_lng=-60.15779364714626&min_lat=23.037324279744553&max_lng=98.47265916039714&max_lat=66.42913233837837 200 in 157ms (compile: 4ms, proxy.ts: 2ms, render: 150ms)
 GET /api/legs/viewport?min_lng=-13.600858700234994&min_lat=50.133551141991916&max_lng=56.552865102434936&max_lat=65.17177878684925 200 in 183ms (compile: 6ms, proxy.ts: 2ms, render: 175ms)
 GET /api/legs/viewport?min_lng=-86.72310302283138&min_lat=0.1887628499653431&max_lng=62.01573279159717&max_lat=55.438780284432084 200 in 155ms (compile: 3ms, proxy.ts: 2ms, render: 150ms)
 GET /api/legs/viewport?min_lng=-130.44598256706536&min_lat=-4.567676740256545&max_lng=-7.3951807501009625&max_lat=37.019539808589585 200 in 227ms (compile: 5ms, proxy.ts: 5ms, render: 216ms)
[Waypoints API] Received params: {
  params: Promise {
    { legId: 'd8e6f350-60a3-4750-afb7-3e8d8ad66957' },
    Symbol(async_id_symbol): 68661,
    Symbol(trigger_async_id_symbol): 68653
  },
  resolvedParams: { legId: 'd8e6f350-60a3-4750-afb7-3e8d8ad66957' },
  legId: 'd8e6f350-60a3-4750-afb7-3e8d8ad66957'
}
 GET /api/legs/d8e6f350-60a3-4750-afb7-3e8d8ad66957/waypoints 200 in 190ms (compile: 18ms, proxy.ts: 2ms, render: 169ms)
 GET /api/legs/viewport?min_lng=-138.2926651592228&min_lat=3.6744921751023156&max_lng=-7.333506840777318&max_lat=42.94769206194121 200 in 153ms (compile: 3ms, proxy.ts: 3ms, render: 147ms)
 GET /api/legs/viewport?min_lng=-86.84745727829619&min_lat=12.19912445738423&max_lng=61.425943743590494&max_lat=56.32498182041735 200 in 166ms (compile: 6ms, proxy.ts: 12ms, render: 148ms)
 GET / 200 in 30ms (compile: 13ms, render: 18ms)
 GET / 200 in 32ms (compile: 9ms, render: 23ms)
 GET /owner/boats 200 in 224ms (compile: 183ms, render: 41ms)
 GET /owner/boats 200 in 76ms (compile: 19ms, render: 58ms)
 GET /api/ai/assistant/actions 200 in 530ms (compile: 25ms, proxy.ts: 14ms, render: 491ms)
 GET /api/ai/assistant/suggestions 200 in 548ms (compile: 17ms, proxy.ts: 14ms, render: 516ms)
 GET /api/notifications?limit=5&offset=0 200 in 674ms (compile: 48ms, proxy.ts: 2ms, render: 624ms)
 GET /api/ai/assistant/suggestions 200 in 280ms (compile: 17ms, proxy.ts: 7ms, render: 256ms)
 GET /api/ai/assistant/actions 200 in 383ms (compile: 22ms, proxy.ts: 23ms, render: 338ms)
 GET /api/ai/assistant/conversations 200 in 311ms (compile: 37ms, proxy.ts: 2ms, render: 271ms)
 GET /api/ai/assistant/conversations 200 in 271ms (compile: 9ms, proxy.ts: 3ms, render: 259ms)
 GET /api/notifications?limit=5&offset=0 200 in 1440ms (compile: 6ms, proxy.ts: 3ms, render: 1430ms)
 GET /api/ai/assistant/conversations 200 in 486ms (compile: 7ms, proxy.ts: 3ms, render: 476ms)
 GET /api/notifications?limit=5&offset=0 200 in 631ms (compile: 10ms, proxy.ts: 2ms, render: 619ms)
 GET /api/notifications?limit=5&offset=0 200 in 602ms (compile: 7ms, proxy.ts: 3ms, render: 592ms)
 GET /api/notifications?limit=5&offset=0 200 in 739ms (compile: 9ms, proxy.ts: 3ms, render: 726ms)
